<?xml version="1.0" encoding="UTF-8"?>
<!-- Generated by org.testng.reporters.JUnitXMLReporter -->
<testsuite ignored="0" hostname="LTIN368543" failures="0" tests="5" name="TestonEdge" time="96.714" errors="0" timestamp="2024-04-30T11:16:56 IST">
  <testcase classname="testCases.TestBeCognizant" name="testUser" time="3.446"/>
  <testcase classname="testCases.TestBeCognizant" name="testUserDetails" time="5.38"/>
  <testcase classname="testCases.TestBeCognizant" name="AroundCognizant" time="3.036"/>
  <testcase classname="testCases.TestBeCognizant" name="seeAllNaviagtion" time="6.06"/>
  <testcase classname="testCases.TestBeCognizant" name="seeAllNewsHeader" time="53.328"/>
</testsuite> <!-- TestonEdge -->
