<?xml version="1.0" encoding="UTF-8"?>
<!-- Generated by org.testng.reporters.JUnitXMLReporter -->
<testsuite ignored="0" hostname="LTIN520502" failures="0" tests="5" name="TestonFirefox" time="2.791" errors="0" timestamp="2024-04-28T09:59:44 IST">
  <testcase classname="newsAroundCognizant.TestBeCognizant" name="testUser" time="0.0">
    <skipped/>
  </testcase> <!-- testUser -->
  <testcase classname="newsAroundCognizant.TestBeCognizant" name="testUserDetails" time="0.0">
    <skipped/>
  </testcase> <!-- testUserDetails -->
  <testcase classname="newsAroundCognizant.TestBeCognizant" name="AroundCognizant" time="0.0">
    <skipped/>
  </testcase> <!-- AroundCognizant -->
  <testcase classname="newsAroundCognizant.TestBeCognizant" name="seeAllNaviagtion" time="0.0">
    <skipped/>
  </testcase> <!-- seeAllNaviagtion -->
  <testcase classname="newsAroundCognizant.TestBeCognizant" name="seeAllNewsHeader" time="0.0">
    <skipped/>
  </testcase> <!-- seeAllNewsHeader -->
</testsuite> <!-- TestonFirefox -->
