<?xml version="1.0" encoding="UTF-8"?>
<!-- Generated by org.testng.reporters.JUnitXMLReporter -->
<testsuite ignored="0" hostname="LTIN368543" failures="0" tests="5" name="TestonChrome" time="99.172" errors="0" timestamp="2024-04-30T11:16:58 IST">
  <testcase classname="testCases.TestBeCognizant" name="testUser" time="3.334"/>
  <testcase classname="testCases.TestBeCognizant" name="testUserDetails" time="5.341"/>
  <testcase classname="testCases.TestBeCognizant" name="AroundCognizant" time="2.923"/>
  <testcase classname="testCases.TestBeCognizant" name="seeAllNaviagtion" time="5.016"/>
  <testcase classname="testCases.TestBeCognizant" name="seeAllNewsHeader" time="52.807"/>
</testsuite> <!-- TestonChrome -->
